<?xml version="1.0" encoding="UTF-8"?>
<testsuite xmlns:xsi="http://www.w3.org/2001/XMLSchema-instance" xsi:noNamespaceSchemaLocation="https://maven.apache.org/surefire/maven-surefire-plugin/xsd/surefire-test-report.xsd" version="3.0.2" name="com.project.cat.MiniProject1ApplicationTests" time="5.052" tests="1" errors="0" skipped="0" failures="0">
  <properties>
[...]
</properties>
  <testcase name="contextLoads" classname="com.project.cat.MiniProject1ApplicationTests" time="0.017">
    <system-out><![CDATA[2025-07-31T11:03:03.704+05:30  INFO 7764 --- [MiniProject-1] [           main] t.c.s.AnnotationConfigContextLoaderUtils : Could not detect default configuration classes for test class [com.project.cat.MiniProject1ApplicationTests]: MiniProject1ApplicationTests does not declare any static, non-private, non-final, nested classes annotated with @Configuration.
2025-07-31T11:03:03.716+05:30  INFO 7764 --- [MiniProject-1] [           main] .b.t.c.SpringBootTestContextBootstrapper : Found @SpringBootConfiguration com.project.cat.MiniProject1Application for test class com.project.cat.MiniProject1ApplicationTests
2025-07-31T11:03:03.729+05:30  INFO 7764 --- [MiniProject-1] [           main] o.s.b.d.r.RestartApplicationListener     : Restart disabled due to context in which it is running

  .   ____          _            __ _ _
 /\\ / ___'_ __ _ _(_)_ __  __ _ \ \ \ \
( ( )\___ | '_ | '_| | '_ \/ _` | \ \ \ \
 \\/  ___)| |_)| | | | | || (_| |  ) ) ) )
  '  |____| .__|_| |_|_| |_\__, | / / / /
 =========|_|==============|___/=/_/_/_/

 :: Spring Boot ::                (v3.4.4)

2025-07-31T11:03:03.775+05:30  INFO 7764 --- [MiniProject-1] [           main] c.p.cat.MiniProject1ApplicationTests     : Starting MiniProject1ApplicationTests using Java 21.0.6 with PID 7764 (started by DELL in C:\Users\DELL\git\sample\MiniProject-1)
2025-07-31T11:03:03.776+05:30  INFO 7764 --- [MiniProject-1] [           main] c.p.cat.MiniProject1ApplicationTests     : No active profile set, falling back to 1 default profile: "default"
2025-07-31T11:03:04.328+05:30  INFO 7764 --- [MiniProject-1] [           main] .s.d.r.c.RepositoryConfigurationDelegate : Bootstrapping Spring Data JPA repositories in DEFAULT mode.
2025-07-31T11:03:04.412+05:30  INFO 7764 --- [MiniProject-1] [           main] .s.d.r.c.RepositoryConfigurationDelegate : Finished Spring Data repository scanning in 70 ms. Found 3 JPA repository interfaces.
2025-07-31T11:03:05.012+05:30  INFO 7764 --- [MiniProject-1] [           main] o.hibernate.jpa.internal.util.LogHelper  : HHH000204: Processing PersistenceUnitInfo [name: default]
2025-07-31T11:03:05.116+05:30  INFO 7764 --- [MiniProject-1] [           main] org.hibernate.Version                    : HHH000412: Hibernate ORM core version 6.6.11.Final
2025-07-31T11:03:05.167+05:30  INFO 7764 --- [MiniProject-1] [           main] o.h.c.internal.RegionFactoryInitiator    : HHH000026: Second-level cache disabled
2025-07-31T11:03:05.381+05:30  INFO 7764 --- [MiniProject-1] [           main] o.s.o.j.p.SpringPersistenceUnitInfo      : No LoadTimeWeaver setup: ignoring JPA class transformer
2025-07-31T11:03:05.419+05:30  INFO 7764 --- [MiniProject-1] [           main] com.zaxxer.hikari.HikariDataSource       : HikariPool-1 - Starting...
2025-07-31T11:03:05.424+05:30  WARN 7764 --- [MiniProject-1] [           main] c.zaxxer.hikari.util.DriverDataSource    : Registered driver with driverClassName=com.mysql.jdbc.Driver was not found, trying direct instantiation.
2025-07-31T11:03:05.924+05:30  INFO 7764 --- [MiniProject-1] [           main] com.zaxxer.hikari.pool.HikariPool        : HikariPool-1 - Added connection com.mysql.cj.jdbc.ConnectionImpl@25d6b936
2025-07-31T11:03:05.926+05:30  INFO 7764 --- [MiniProject-1] [           main] com.zaxxer.hikari.HikariDataSource       : HikariPool-1 - Start completed.
2025-07-31T11:03:06.103+05:30  INFO 7764 --- [MiniProject-1] [           main] org.hibernate.orm.connections.pooling    : HHH10001005: Database info:
	Database JDBC URL [Connecting through datasource 'HikariDataSource (HikariPool-1)']
	Database driver: undefined/unknown
	Database version: 8.0.40
	Autocommit mode: undefined/unknown
	Isolation level: undefined/unknown
	Minimum pool size: undefined/unknown
	Maximum pool size: undefined/unknown
2025-07-31T11:03:07.221+05:30  INFO 7764 --- [MiniProject-1] [           main] o.h.e.t.j.p.i.JtaPlatformInitiator       : HHH000489: No JTA platform available (set 'hibernate.transaction.jta.platform' to enable JTA platform integration)
2025-07-31T11:03:07.319+05:30  INFO 7764 --- [MiniProject-1] [           main] j.LocalContainerEntityManagerFactoryBean : Initialized JPA EntityManagerFactory for persistence unit 'default'
2025-07-31T11:03:08.107+05:30  WARN 7764 --- [MiniProject-1] [           main] JpaBaseConfiguration$JpaWebConfiguration : spring.jpa.open-in-view is enabled by default. Therefore, database queries may be performed during view rendering. Explicitly configure spring.jpa.open-in-view to disable this warning
2025-07-31T11:03:08.168+05:30  INFO 7764 --- [MiniProject-1] [           main] o.s.v.b.OptionalValidatorFactoryBean     : Failed to set up a Bean Validation provider: jakarta.validation.NoProviderFoundException: Unable to create a Configuration, because no Jakarta Bean Validation provider could be found. Add a provider like Hibernate Validator (RI) to your classpath.
2025-07-31T11:03:08.684+05:30  INFO 7764 --- [MiniProject-1] [           main] .w.s.a.s.AnnotationActionEndpointMapping : Supporting [WS-Addressing August 2004, WS-Addressing 1.0]
2025-07-31T11:03:08.719+05:30  INFO 7764 --- [MiniProject-1] [           main] c.p.cat.MiniProject1ApplicationTests     : Started MiniProject1ApplicationTests in 4.991 seconds (process running for 10.341)
]]></system-out>
    <system-err><![CDATA[Loading class `com.mysql.jdbc.Driver'. This is deprecated. The new driver class is `com.mysql.cj.jdbc.Driver'. The driver is automatically registered via the SPI and manual loading of the driver class is generally unnecessary.
]]></system-err>
  </testcase>
</testsuite>